0 info it worked if it ends with ok
1 verbose cli [ '/usr/bin/nodejs', '/usr/bin/npm', 'install', '-g', 'mathjs' ]
2 info using npm@2.15.8
3 info using node@v4.4.7
4 verbose install initial load of /usr/lib/package.json
5 verbose readDependencies loading dependencies from /usr/lib/package.json
6 silly cache add args [ 'mathjs', null ]
7 verbose cache add spec mathjs
8 silly cache add parsed spec Result {
8 silly cache add   raw: 'mathjs',
8 silly cache add   scope: null,
8 silly cache add   name: 'mathjs',
8 silly cache add   rawSpec: '',
8 silly cache add   spec: 'latest',
8 silly cache add   type: 'tag' }
9 silly addNamed mathjs@latest
10 verbose addNamed "latest" is being treated as a dist-tag for mathjs
11 info addNameTag [ 'mathjs', 'latest' ]
12 silly mapToRegistry name mathjs
13 silly mapToRegistry using default registry
14 silly mapToRegistry registry https://registry.npmjs.org/
15 silly mapToRegistry data Result {
15 silly mapToRegistry   raw: 'mathjs',
15 silly mapToRegistry   scope: null,
15 silly mapToRegistry   name: 'mathjs',
15 silly mapToRegistry   rawSpec: '',
15 silly mapToRegistry   spec: 'latest',
15 silly mapToRegistry   type: 'tag' }
16 silly mapToRegistry uri https://registry.npmjs.org/mathjs
17 verbose addNameTag registry:https://registry.npmjs.org/mathjs not in flight; fetching
18 verbose request uri https://registry.npmjs.org/mathjs
19 verbose request no auth needed
20 info attempt registry request try #1 at 6:26:46 PM
21 verbose request id ce9f0b92dbede448
22 verbose etag "7UQPP4QBAMKBD11H8CSFNAO3C"
23 http request GET https://registry.npmjs.org/mathjs
24 http 200 https://registry.npmjs.org/mathjs
25 verbose headers { server: 'CouchDB/1.6.1 (Erlang OTP/R16B03)',
25 verbose headers   etag: '"ETEYLJ8887ACTFL9Y7FHLVABU"',
25 verbose headers   'content-type': 'application/json',
25 verbose headers   'content-encoding': 'gzip',
25 verbose headers   'cache-control': 'max-age=300',
25 verbose headers   'content-length': '18165',
25 verbose headers   'accept-ranges': 'bytes',
25 verbose headers   date: 'Fri, 12 Aug 2016 16:26:56 GMT',
25 verbose headers   via: '1.1 varnish',
25 verbose headers   age: '170',
25 verbose headers   connection: 'keep-alive',
25 verbose headers   'x-served-by': 'cache-lcy1121-LCY',
25 verbose headers   'x-cache': 'HIT',
25 verbose headers   'x-cache-hits': '1',
25 verbose headers   'x-timer': 'S1471019216.066841,VS0,VE0',
25 verbose headers   vary: 'Accept-Encoding' }
26 silly get cb [ 200,
26 silly get   { server: 'CouchDB/1.6.1 (Erlang OTP/R16B03)',
26 silly get     etag: '"ETEYLJ8887ACTFL9Y7FHLVABU"',
26 silly get     'content-type': 'application/json',
26 silly get     'content-encoding': 'gzip',
26 silly get     'cache-control': 'max-age=300',
26 silly get     'content-length': '18165',
26 silly get     'accept-ranges': 'bytes',
26 silly get     date: 'Fri, 12 Aug 2016 16:26:56 GMT',
26 silly get     via: '1.1 varnish',
26 silly get     age: '170',
26 silly get     connection: 'keep-alive',
26 silly get     'x-served-by': 'cache-lcy1121-LCY',
26 silly get     'x-cache': 'HIT',
26 silly get     'x-cache-hits': '1',
26 silly get     'x-timer': 'S1471019216.066841,VS0,VE0',
26 silly get     vary: 'Accept-Encoding' } ]
27 verbose get saving mathjs to /home/guillefix/.npm/registry.npmjs.org/mathjs/.cache.json
28 verbose correctMkdir /home/guillefix/.npm correctMkdir not in flight; initializing
29 silly addNameTag next cb for mathjs with tag latest
30 silly addNamed mathjs@3.4.1
31 verbose addNamed "3.4.1" is a plain semver version for mathjs
32 silly mapToRegistry name mathjs
33 silly mapToRegistry using default registry
34 silly mapToRegistry registry https://registry.npmjs.org/
35 silly mapToRegistry data Result {
35 silly mapToRegistry   raw: 'mathjs',
35 silly mapToRegistry   scope: null,
35 silly mapToRegistry   name: 'mathjs',
35 silly mapToRegistry   rawSpec: '',
35 silly mapToRegistry   spec: 'latest',
35 silly mapToRegistry   type: 'tag' }
36 silly mapToRegistry uri https://registry.npmjs.org/mathjs
37 verbose addRemoteTarball https://registry.npmjs.org/mathjs/-/mathjs-3.4.1.tgz not in flight; adding
38 verbose addRemoteTarball [ 'https://registry.npmjs.org/mathjs/-/mathjs-3.4.1.tgz',
38 verbose addRemoteTarball   '7d7b4921e6fec15119a2670956e38ea4d13cbe3c' ]
39 info retry fetch attempt 1 at 6:27:07 PM
40 info attempt registry request try #1 at 6:27:07 PM
41 http fetch GET https://registry.npmjs.org/mathjs/-/mathjs-3.4.1.tgz
42 http fetch 200 https://registry.npmjs.org/mathjs/-/mathjs-3.4.1.tgz
43 silly fetchAndShaCheck shasum 7d7b4921e6fec15119a2670956e38ea4d13cbe3c
44 verbose addTmpTarball /tmp/npm-4870-35aa98de/registry.npmjs.org/mathjs/-/mathjs-3.4.1.tgz not in flight; adding
45 verbose addTmpTarball already have metadata; skipping unpack for mathjs@3.4.1
46 verbose correctMkdir /home/guillefix/.npm correctMkdir not in flight; initializing
47 silly cache afterAdd mathjs@3.4.1
48 verbose afterAdd /home/guillefix/.npm/mathjs/3.4.1/package/package.json not in flight; writing
49 verbose correctMkdir /home/guillefix/.npm correctMkdir not in flight; initializing
50 verbose afterAdd /home/guillefix/.npm/mathjs/3.4.1/package/package.json written
51 silly install resolved [ { name: 'mathjs',
51 silly install resolved     version: '3.4.1',
51 silly install resolved     description: 'Math.js is an extensive math library for JavaScript and Node.js. It features a flexible expression parser and offers an integrated solution to work with numbers, big numbers, complex numbers, units, and matrices.',
51 silly install resolved     author:
51 silly install resolved      { name: 'Jos de Jong',
51 silly install resolved        email: 'wjosdejong@gmail.com',
51 silly install resolved        url: 'https://github.com/josdejong' },
51 silly install resolved     contributors:
51 silly install resolved      [ [Object],
51 silly install resolved        [Object],
51 silly install resolved        [Object],
51 silly install resolved        [Object],
51 silly install resolved        [Object],
51 silly install resolved        [Object],
51 silly install resolved        [Object],
51 silly install resolved        [Object],
51 silly install resolved        [Object],
51 silly install resolved        [Object],
51 silly install resolved        [Object],
51 silly install resolved        [Object],
51 silly install resolved        [Object],
51 silly install resolved        [Object],
51 silly install resolved        [Object],
51 silly install resolved        [Object],
51 silly install resolved        [Object],
51 silly install resolved        [Object],
51 silly install resolved        [Object],
51 silly install resolved        [Object],
51 silly install resolved        [Object],
51 silly install resolved        [Object],
51 silly install resolved        [Object],
51 silly install resolved        [Object],
51 silly install resolved        [Object],
51 silly install resolved        [Object],
51 silly install resolved        [Object],
51 silly install resolved        [Object],
51 silly install resolved        [Object],
51 silly install resolved        [Object],
51 silly install resolved        [Object],
51 silly install resolved        [Object],
51 silly install resolved        [Object],
51 silly install resolved        [Object],
51 silly install resolved        [Object],
51 silly install resolved        [Object],
51 silly install resolved        [Object],
51 silly install resolved        [Object],
51 silly install resolved        [Object],
51 silly install resolved        [Object],
51 silly install resolved        [Object] ],
51 silly install resolved     homepage: 'http://mathjs.org',
51 silly install resolved     repository:
51 silly install resolved      { type: 'git',
51 silly install resolved        url: 'git+https://github.com/josdejong/mathjs.git' },
51 silly install resolved     license: 'Apache-2.0',
51 silly install resolved     keywords:
51 silly install resolved      [ 'math',
51 silly install resolved        'mathematics',
51 silly install resolved        'functions',
51 silly install resolved        'numeric',
51 silly install resolved        'parser',
51 silly install resolved        'expression',
51 silly install resolved        'number',
51 silly install resolved        'bignumber',
51 silly install resolved        'complex',
51 silly install resolved        'matrix',
51 silly install resolved        'unit' ],
51 silly install resolved     dependencies:
51 silly install resolved      { 'decimal.js': '5.0.8',
51 silly install resolved        'fraction.js': '3.3.1',
51 silly install resolved        'complex.js': '2.0.1',
51 silly install resolved        'tiny-emitter': '1.0.2',
51 silly install resolved        'typed-function': '0.10.4' },
51 silly install resolved     devDependencies:
51 silly install resolved      { glob: '7.0.3',
51 silly install resolved        gulp: '3.9.1',
51 silly install resolved        'gulp-util': '3.0.7',
51 silly install resolved        istanbul: '0.4.3',
51 silly install resolved        mkdirp: '0.5.1',
51 silly install resolved        mocha: '2.4.5',
51 silly install resolved        q: '1.4.1',
51 silly install resolved        'seed-random': '2.2.0',
51 silly install resolved        tar: '2.2.1',
51 silly install resolved        'uglify-js': '2.6.2',
51 silly install resolved        underscore: '1.8.3',
51 silly install resolved        webpack: '1.13.0' },
51 silly install resolved     main: './index',
51 silly install resolved     scripts:
51 silly install resolved      { build: 'gulp',
51 silly install resolved        watch: 'gulp watch',
51 silly install resolved        docs: 'gulp docs',
51 silly install resolved        test: 'mocha test --recursive',
51 silly install resolved        coverage: 'istanbul cover _mocha -- test --recursive; echo "\nCoverage report is available at ./coverage/lcov-report/index.html"' },
51 silly install resolved     bin: { mathjs: './bin/cli.js' },
51 silly install resolved     engines: { node: '>= 0.1' },
51 silly install resolved     gitHead: 'cd9214727db6e811144e6a09f20c833119eb1a60',
51 silly install resolved     bugs: { url: 'https://github.com/josdejong/mathjs/issues' },
51 silly install resolved     _id: 'mathjs@3.4.1',
51 silly install resolved     _shasum: '7d7b4921e6fec15119a2670956e38ea4d13cbe3c',
51 silly install resolved     _from: 'mathjs@latest',
51 silly install resolved     _npmVersion: '3.10.3',
51 silly install resolved     _nodeVersion: '6.3.1',
51 silly install resolved     _npmUser: { name: 'josdejong', email: 'wjosdejong@gmail.com' },
51 silly install resolved     dist:
51 silly install resolved      { shasum: '7d7b4921e6fec15119a2670956e38ea4d13cbe3c',
51 silly install resolved        tarball: 'https://registry.npmjs.org/mathjs/-/mathjs-3.4.1.tgz' },
51 silly install resolved     maintainers: [ [Object] ],
51 silly install resolved     _npmOperationalInternal:
51 silly install resolved      { host: 'packages-12-west.internal.npmjs.com',
51 silly install resolved        tmp: 'tmp/mathjs-3.4.1.tgz_1470680763053_0.22637786832638085' },
51 silly install resolved     directories: {},
51 silly install resolved     _resolved: 'https://registry.npmjs.org/mathjs/-/mathjs-3.4.1.tgz' } ]
52 info install mathjs@3.4.1 into /usr/lib
53 info installOne mathjs@3.4.1
54 verbose installOne of mathjs to /usr/lib not in flight; installing
55 verbose correctMkdir /home/guillefix/.npm/_locks correctMkdir not in flight; initializing
56 verbose lock using /home/guillefix/.npm/_locks/mathjs-ca9c5a17f4245914.lock for /usr/lib/node_modules/mathjs
57 silly install write writing mathjs 3.4.1 to /usr/lib/node_modules/mathjs
58 verbose unbuild lib/node_modules/mathjs
59 silly gentlyRm /usr/lib/node_modules/mathjs is being purged from base /usr
60 verbose gentlyRm don't care about contents; nuking /usr/lib/node_modules/mathjs
61 verbose tar unpack /home/guillefix/.npm/mathjs/3.4.1/package.tgz
62 verbose tar unpacking to /usr/lib/node_modules/mathjs
63 silly gentlyRm /usr/lib/node_modules/mathjs is being purged
64 verbose gentlyRm don't care about contents; nuking /usr/lib/node_modules/mathjs
65 silly gunzTarPerm modes [ '775', '664' ]
66 error tar.unpack untar error /home/guillefix/.npm/mathjs/3.4.1/package.tgz
67 verbose unlock done using /home/guillefix/.npm/_locks/mathjs-ca9c5a17f4245914.lock for /usr/lib/node_modules/mathjs
68 verbose fstream_path /usr/lib/node_modules/mathjs
69 verbose fstream_type Directory
70 verbose fstream_class DirWriter
71 verbose stack Error: EACCES: permission denied, mkdir '/usr/lib/node_modules/mathjs'
71 verbose stack     at Error (native)
72 verbose fstream_stack /usr/lib/node_modules/npm/node_modules/fstream/lib/dir-writer.js:35:25
72 verbose fstream_stack /usr/lib/node_modules/npm/node_modules/mkdirp/index.js:47:53
72 verbose fstream_stack FSReqWrap.oncomplete (fs.js:82:15)
73 verbose cwd /home/guillefix/Dropbox/code/1projects/augmath
74 error Linux 4.2.0-41-generic
75 error argv "/usr/bin/nodejs" "/usr/bin/npm" "install" "-g" "mathjs"
76 error node v4.4.7
77 error npm  v2.15.8
78 error path /usr/lib/node_modules/mathjs
79 error code EACCES
80 error errno -13
81 error syscall mkdir
82 error Error: EACCES: permission denied, mkdir '/usr/lib/node_modules/mathjs'
82 error     at Error (native)
82 error  { [Error: EACCES: permission denied, mkdir '/usr/lib/node_modules/mathjs']
82 error   errno: -13,
82 error   code: 'EACCES',
82 error   syscall: 'mkdir',
82 error   path: '/usr/lib/node_modules/mathjs',
82 error   fstream_type: 'Directory',
82 error   fstream_path: '/usr/lib/node_modules/mathjs',
82 error   fstream_class: 'DirWriter',
82 error   fstream_stack:
82 error    [ '/usr/lib/node_modules/npm/node_modules/fstream/lib/dir-writer.js:35:25',
82 error      '/usr/lib/node_modules/npm/node_modules/mkdirp/index.js:47:53',
82 error      'FSReqWrap.oncomplete (fs.js:82:15)' ] }
83 error Please try running this command again as root/Administrator.
84 verbose exit [ -13, true ]
85 verbose unbuild lib/node_modules/mathjs
86 silly gentlyRm /usr/lib/node_modules/mathjs is being purged from base /usr
87 verbose gentlyRm don't care about contents; nuking /usr/lib/node_modules/mathjs
